****                   ADMIXTURE Version 1.3.0                  ****
****                    Copyright 2008-2015                     ****
****           David Alexander, Suyash Shringarpure,            ****
****                John  Novembre, Ken Lange                   ****
****                                                            ****
****                 Please cite our paper!                     ****
****   Information at www.genetics.ucla.edu/software/admixture  ****

Cross-validation will be performed.  Folds=5.
Random seed: 43
Point estimation method: Block relaxation algorithm
Convergence acceleration algorithm: QuasiNewton, 3 secant conditions
Point estimation will terminate when objective function delta < 0.0001
Estimation of standard errors disabled; will compute point estimates only.
Size of G: 97x263632
Performing five EM steps to prime main algorithm
1 (EM) 	Elapsed: 0.995	Loglikelihood: -1.44705e+07	(delta): 2.94623e+07
2 (EM) 	Elapsed: 1.004	Loglikelihood: -1.39783e+07	(delta): 492223
3 (EM) 	Elapsed: 1.003	Loglikelihood: -1.3854e+07	(delta): 124293
4 (EM) 	Elapsed: 0.997	Loglikelihood: -1.3797e+07	(delta): 56975.7
5 (EM) 	Elapsed: 0.993	Loglikelihood: -1.37699e+07	(delta): 27103.4
Initial loglikelihood: -1.37699e+07
Starting main algorithm
1 (QN/Block) 	Elapsed: 2.898	Loglikelihood: -1.37265e+07	(delta): 43360.4
2 (QN/Block) 	Elapsed: 2.882	Loglikelihood: -1.37141e+07	(delta): 12402.1
3 (QN/Block) 	Elapsed: 3.395	Loglikelihood: -1.37059e+07	(delta): 8256.89
4 (QN/Block) 	Elapsed: 3.509	Loglikelihood: -1.36981e+07	(delta): 7722.74
5 (QN/Block) 	Elapsed: 3.652	Loglikelihood: -1.36938e+07	(delta): 4332.82
6 (QN/Block) 	Elapsed: 3.517	Loglikelihood: -1.36922e+07	(delta): 1644.2
7 (QN/Block) 	Elapsed: 3.347	Loglikelihood: -1.36911e+07	(delta): 1112.73
8 (QN/Block) 	Elapsed: 3.356	Loglikelihood: -1.36905e+07	(delta): 532.503
9 (QN/Block) 	Elapsed: 3.215	Loglikelihood: -1.36898e+07	(delta): 721.6
10 (QN/Block) 	Elapsed: 3.211	Loglikelihood: -1.36892e+07	(delta): 565.912
11 (QN/Block) 	Elapsed: 3.203	Loglikelihood: -1.36891e+07	(delta): 178.798
12 (QN/Block) 	Elapsed: 3.212	Loglikelihood: -1.36889e+07	(delta): 133.993
13 (QN/Block) 	Elapsed: 3.2	Loglikelihood: -1.36887e+07	(delta): 193.441
14 (QN/Block) 	Elapsed: 3.223	Loglikelihood: -1.36886e+07	(delta): 168.576
15 (QN/Block) 	Elapsed: 3.203	Loglikelihood: -1.36874e+07	(delta): 1135.55
16 (QN/Block) 	Elapsed: 3.376	Loglikelihood: -1.36863e+07	(delta): 1133.76
17 (QN/Block) 	Elapsed: 3.541	Loglikelihood: -1.36838e+07	(delta): 2494.84
18 (QN/Block) 	Elapsed: 3.651	Loglikelihood: -1.36818e+07	(delta): 2017.14
19 (QN/Block) 	Elapsed: 3.678	Loglikelihood: -1.36811e+07	(delta): 682.39
20 (QN/Block) 	Elapsed: 3.669	Loglikelihood: -1.36809e+07	(delta): 219.492
21 (QN/Block) 	Elapsed: 3.678	Loglikelihood: -1.36808e+07	(delta): 48.9828
22 (QN/Block) 	Elapsed: 3.377	Loglikelihood: -1.36808e+07	(delta): 44.6348
23 (QN/Block) 	Elapsed: 3.548	Loglikelihood: -1.36807e+07	(delta): 44.7406
24 (QN/Block) 	Elapsed: 3.377	Loglikelihood: -1.36807e+07	(delta): 46.6075
25 (QN/Block) 	Elapsed: 3.219	Loglikelihood: -1.36806e+07	(delta): 68.1313
26 (QN/Block) 	Elapsed: 3.201	Loglikelihood: -1.36806e+07	(delta): 38.5447
27 (QN/Block) 	Elapsed: 3.191	Loglikelihood: -1.36806e+07	(delta): 18.0205
28 (QN/Block) 	Elapsed: 3.374	Loglikelihood: -1.36805e+07	(delta): 22.9098
29 (QN/Block) 	Elapsed: 3.524	Loglikelihood: -1.36805e+07	(delta): 24.6835
30 (QN/Block) 	Elapsed: 3.372	Loglikelihood: -1.36805e+07	(delta): 17.2488
31 (QN/Block) 	Elapsed: 3.224	Loglikelihood: -1.36805e+07	(delta): 5.86435
32 (QN/Block) 	Elapsed: 3.528	Loglikelihood: -1.36805e+07	(delta): 1.84218
33 (QN/Block) 	Elapsed: 3.221	Loglikelihood: -1.36802e+07	(delta): 254.606
34 (QN/Block) 	Elapsed: 3.374	Loglikelihood: -1.36798e+07	(delta): 479.513
35 (QN/Block) 	Elapsed: 3.684	Loglikelihood: -1.36795e+07	(delta): 302.247
36 (QN/Block) 	Elapsed: 3.516	Loglikelihood: -1.3679e+07	(delta): 470.199
37 (QN/Block) 	Elapsed: 3.681	Loglikelihood: -1.36788e+07	(delta): 198.51
38 (QN/Block) 	Elapsed: 3.678	Loglikelihood: -1.36787e+07	(delta): 91.239
39 (QN/Block) 	Elapsed: 3.21	Loglikelihood: -1.36787e+07	(delta): 14.3452
40 (QN/Block) 	Elapsed: 3.214	Loglikelihood: -1.36784e+07	(delta): 254.354
41 (QN/Block) 	Elapsed: 3.202	Loglikelihood: -1.36784e+07	(delta): 75.4857
42 (QN/Block) 	Elapsed: 3.232	Loglikelihood: -1.36783e+07	(delta): 35.4037
43 (QN/Block) 	Elapsed: 3.358	Loglikelihood: -1.36783e+07	(delta): 15.6152
44 (QN/Block) 	Elapsed: 3.363	Loglikelihood: -1.36783e+07	(delta): 8.66574
45 (QN/Block) 	Elapsed: 3.182	Loglikelihood: -1.36783e+07	(delta): 13.4929
46 (QN/Block) 	Elapsed: 3.682	Loglikelihood: -1.36783e+07	(delta): 4.29544
47 (QN/Block) 	Elapsed: 3.527	Loglikelihood: -1.36783e+07	(delta): 1.26217
48 (QN/Block) 	Elapsed: 3.683	Loglikelihood: -1.36783e+07	(delta): 0.88615
49 (QN/Block) 	Elapsed: 3.216	Loglikelihood: -1.36783e+07	(delta): 0.46833
50 (QN/Block) 	Elapsed: 3.218	Loglikelihood: -1.36783e+07	(delta): 0.0519379
51 (QN/Block) 	Elapsed: 3.235	Loglikelihood: -1.36783e+07	(delta): 0.011631
52 (QN/Block) 	Elapsed: 3.206	Loglikelihood: -1.36783e+07	(delta): 0.00146364
53 (QN/Block) 	Elapsed: 3.222	Loglikelihood: -1.36783e+07	(delta): 0.000260534
54 (QN/Block) 	Elapsed: 3.196	Loglikelihood: -1.36783e+07	(delta): 1.80919e-05
Summary: 
Converged in 54 iterations (196.091 sec)
Loglikelihood: -13678274.756595
Fst divergences between estimated populations: 
	Pop0	
Pop0	
Pop1	0.021	
CV error (K=2): 0.32594
Writing output files.
