****                   ADMIXTURE Version 1.3.0                  ****
****                    Copyright 2008-2015                     ****
****           David Alexander, Suyash Shringarpure,            ****
****                John  Novembre, Ken Lange                   ****
****                                                            ****
****                 Please cite our paper!                     ****
****   Information at www.genetics.ucla.edu/software/admixture  ****

Cross-validation will be performed.  Folds=5.
Random seed: 43
Point estimation method: Block relaxation algorithm
Convergence acceleration algorithm: QuasiNewton, 3 secant conditions
Point estimation will terminate when objective function delta < 0.0001
Estimation of standard errors disabled; will compute point estimates only.
Size of G: 97x263632
Performing five EM steps to prime main algorithm
1 (EM) 	Elapsed: 1.396	Loglikelihood: -1.46477e+07	(delta): 2.64721e+07
2 (EM) 	Elapsed: 1.397	Loglikelihood: -1.40393e+07	(delta): 608430
3 (EM) 	Elapsed: 1.387	Loglikelihood: -1.38849e+07	(delta): 154439
4 (EM) 	Elapsed: 1.388	Loglikelihood: -1.3798e+07	(delta): 86910.1
5 (EM) 	Elapsed: 1.388	Loglikelihood: -1.37438e+07	(delta): 54136.4
Initial loglikelihood: -1.37438e+07
Starting main algorithm
1 (QN/Block) 	Elapsed: 4.107	Loglikelihood: -1.36107e+07	(delta): 133155
2 (QN/Block) 	Elapsed: 4.199	Loglikelihood: -1.35855e+07	(delta): 25146.4
3 (QN/Block) 	Elapsed: 4.817	Loglikelihood: -1.3569e+07	(delta): 16542.7
4 (QN/Block) 	Elapsed: 4.651	Loglikelihood: -1.35586e+07	(delta): 10411.9
5 (QN/Block) 	Elapsed: 4.83	Loglikelihood: -1.35498e+07	(delta): 8798.13
6 (QN/Block) 	Elapsed: 4.85	Loglikelihood: -1.35443e+07	(delta): 5443.19
7 (QN/Block) 	Elapsed: 4.976	Loglikelihood: -1.35398e+07	(delta): 4473.27
8 (QN/Block) 	Elapsed: 4.975	Loglikelihood: -1.35374e+07	(delta): 2428.1
9 (QN/Block) 	Elapsed: 4.943	Loglikelihood: -1.35359e+07	(delta): 1475.34
10 (QN/Block) 	Elapsed: 4.948	Loglikelihood: -1.35349e+07	(delta): 1023.14
11 (QN/Block) 	Elapsed: 4.618	Loglikelihood: -1.35345e+07	(delta): 383.215
12 (QN/Block) 	Elapsed: 4.798	Loglikelihood: -1.35343e+07	(delta): 239.978
13 (QN/Block) 	Elapsed: 4.596	Loglikelihood: -1.35336e+07	(delta): 674.446
14 (QN/Block) 	Elapsed: 4.473	Loglikelihood: -1.35332e+07	(delta): 449.743
15 (QN/Block) 	Elapsed: 4.668	Loglikelihood: -1.3533e+07	(delta): 180.922
16 (QN/Block) 	Elapsed: 4.476	Loglikelihood: -1.35328e+07	(delta): 171.137
17 (QN/Block) 	Elapsed: 4.488	Loglikelihood: -1.35327e+07	(delta): 141.664
18 (QN/Block) 	Elapsed: 4.6	Loglikelihood: -1.35326e+07	(delta): 42.7863
19 (QN/Block) 	Elapsed: 4.768	Loglikelihood: -1.35326e+07	(delta): 12.3147
20 (QN/Block) 	Elapsed: 5.129	Loglikelihood: -1.35321e+07	(delta): 482.643
21 (QN/Block) 	Elapsed: 5.119	Loglikelihood: -1.35317e+07	(delta): 478.105
22 (QN/Block) 	Elapsed: 4.972	Loglikelihood: -1.35313e+07	(delta): 341.305
23 (QN/Block) 	Elapsed: 5.128	Loglikelihood: -1.35309e+07	(delta): 469.569
24 (QN/Block) 	Elapsed: 5.017	Loglikelihood: -1.35307e+07	(delta): 183.109
25 (QN/Block) 	Elapsed: 4.597	Loglikelihood: -1.35305e+07	(delta): 136.035
26 (QN/Block) 	Elapsed: 4.948	Loglikelihood: -1.35304e+07	(delta): 108.939
27 (QN/Block) 	Elapsed: 5.118	Loglikelihood: -1.35304e+07	(delta): 54.1912
28 (QN/Block) 	Elapsed: 5.011	Loglikelihood: -1.35303e+07	(delta): 73.535
29 (QN/Block) 	Elapsed: 4.771	Loglikelihood: -1.35302e+07	(delta): 82.6966
30 (QN/Block) 	Elapsed: 4.834	Loglikelihood: -1.35301e+07	(delta): 104.19
31 (QN/Block) 	Elapsed: 5.125	Loglikelihood: -1.35298e+07	(delta): 325.688
32 (QN/Block) 	Elapsed: 4.896	Loglikelihood: -1.35296e+07	(delta): 179.658
33 (QN/Block) 	Elapsed: 5.115	Loglikelihood: -1.35295e+07	(delta): 88.2638
34 (QN/Block) 	Elapsed: 5.017	Loglikelihood: -1.3529e+07	(delta): 469.592
35 (QN/Block) 	Elapsed: 5.119	Loglikelihood: -1.35288e+07	(delta): 225.942
36 (QN/Block) 	Elapsed: 4.94	Loglikelihood: -1.35287e+07	(delta): 96.5426
37 (QN/Block) 	Elapsed: 4.772	Loglikelihood: -1.35286e+07	(delta): 114.101
38 (QN/Block) 	Elapsed: 4.59	Loglikelihood: -1.35284e+07	(delta): 184.312
39 (QN/Block) 	Elapsed: 4.601	Loglikelihood: -1.35283e+07	(delta): 84.7878
40 (QN/Block) 	Elapsed: 4.484	Loglikelihood: -1.35283e+07	(delta): 28.6303
41 (QN/Block) 	Elapsed: 4.782	Loglikelihood: -1.35283e+07	(delta): 9.15587
42 (QN/Block) 	Elapsed: 4.663	Loglikelihood: -1.35283e+07	(delta): 5.98152
43 (QN/Block) 	Elapsed: 4.592	Loglikelihood: -1.35283e+07	(delta): 2.94044
44 (QN/Block) 	Elapsed: 4.588	Loglikelihood: -1.35283e+07	(delta): 1.8854
45 (QN/Block) 	Elapsed: 4.599	Loglikelihood: -1.35283e+07	(delta): 1.02996
46 (QN/Block) 	Elapsed: 4.585	Loglikelihood: -1.35283e+07	(delta): 0.387623
47 (QN/Block) 	Elapsed: 4.604	Loglikelihood: -1.35283e+07	(delta): 0.334791
48 (QN/Block) 	Elapsed: 4.606	Loglikelihood: -1.35283e+07	(delta): 0.0294859
49 (QN/Block) 	Elapsed: 4.608	Loglikelihood: -1.35283e+07	(delta): 0.00743753
50 (QN/Block) 	Elapsed: 4.478	Loglikelihood: -1.35283e+07	(delta): 0.00383024
51 (QN/Block) 	Elapsed: 4.472	Loglikelihood: -1.35283e+07	(delta): 0.000367919
52 (QN/Block) 	Elapsed: 4.603	Loglikelihood: -1.35283e+07	(delta): 0.000161052
53 (QN/Block) 	Elapsed: 4.591	Loglikelihood: -1.35283e+07	(delta): 1.22823e-05
Summary: 
Converged in 53 iterations (269.503 sec)
Loglikelihood: -13528289.610501
Fst divergences between estimated populations: 
	Pop0	Pop1	
Pop0	
Pop1	0.029	
Pop2	0.023	0.024	
CV error (K=3): 0.33993
Writing output files.
