****                   ADMIXTURE Version 1.3.0                  ****
****                    Copyright 2008-2015                     ****
****           David Alexander, Suyash Shringarpure,            ****
****                John  Novembre, Ken Lange                   ****
****                                                            ****
****                 Please cite our paper!                     ****
****   Information at www.genetics.ucla.edu/software/admixture  ****

Cross-validation will be performed.  Folds=5.
Random seed: 43
Point estimation method: Block relaxation algorithm
Convergence acceleration algorithm: QuasiNewton, 3 secant conditions
Point estimation will terminate when objective function delta < 0.0001
Estimation of standard errors disabled; will compute point estimates only.
Size of G: 97x263632
Performing five EM steps to prime main algorithm
1 (EM) 	Elapsed: 1.885	Loglikelihood: -1.46959e+07	(delta): 2.50383e+07
2 (EM) 	Elapsed: 1.88	Loglikelihood: -1.40393e+07	(delta): 656652
3 (EM) 	Elapsed: 1.88	Loglikelihood: -1.38758e+07	(delta): 163524
4 (EM) 	Elapsed: 1.88	Loglikelihood: -1.37798e+07	(delta): 95970.2
5 (EM) 	Elapsed: 1.89	Loglikelihood: -1.37158e+07	(delta): 64036.5
Initial loglikelihood: -1.37158e+07
Starting main algorithm
1 (QN/Block) 	Elapsed: 5.233	Loglikelihood: -1.35057e+07	(delta): 210078
2 (QN/Block) 	Elapsed: 5.213	Loglikelihood: -1.34628e+07	(delta): 42919.2
3 (QN/Block) 	Elapsed: 5.909	Loglikelihood: -1.34386e+07	(delta): 24156.1
4 (QN/Block) 	Elapsed: 5.858	Loglikelihood: -1.3425e+07	(delta): 13559.8
5 (QN/Block) 	Elapsed: 6.09	Loglikelihood: -1.34148e+07	(delta): 10280.5
6 (QN/Block) 	Elapsed: 5.678	Loglikelihood: -1.34077e+07	(delta): 7050.38
7 (QN/Block) 	Elapsed: 5.706	Loglikelihood: -1.34028e+07	(delta): 4885.83
8 (QN/Block) 	Elapsed: 5.876	Loglikelihood: -1.33997e+07	(delta): 3096.91
9 (QN/Block) 	Elapsed: 5.658	Loglikelihood: -1.33977e+07	(delta): 2013.6
10 (QN/Block) 	Elapsed: 5.662	Loglikelihood: -1.33956e+07	(delta): 2098.11
11 (QN/Block) 	Elapsed: 5.856	Loglikelihood: -1.33941e+07	(delta): 1553.3
12 (QN/Block) 	Elapsed: 6.29	Loglikelihood: -1.33933e+07	(delta): 758.052
13 (QN/Block) 	Elapsed: 6.271	Loglikelihood: -1.33928e+07	(delta): 522.146
14 (QN/Block) 	Elapsed: 6.248	Loglikelihood: -1.33924e+07	(delta): 337.203
15 (QN/Block) 	Elapsed: 6.159	Loglikelihood: -1.33921e+07	(delta): 344.745
16 (QN/Block) 	Elapsed: 6.05	Loglikelihood: -1.33917e+07	(delta): 357.627
17 (QN/Block) 	Elapsed: 5.663	Loglikelihood: -1.33915e+07	(delta): 227.602
18 (QN/Block) 	Elapsed: 5.65	Loglikelihood: -1.33914e+07	(delta): 64.1903
19 (QN/Block) 	Elapsed: 5.659	Loglikelihood: -1.33914e+07	(delta): 53.6072
20 (QN/Block) 	Elapsed: 5.657	Loglikelihood: -1.33913e+07	(delta): 56.334
21 (QN/Block) 	Elapsed: 5.858	Loglikelihood: -1.33913e+07	(delta): 28.35
22 (QN/Block) 	Elapsed: 6.063	Loglikelihood: -1.33913e+07	(delta): 8.50443
23 (QN/Block) 	Elapsed: 5.659	Loglikelihood: -1.33913e+07	(delta): 1.71656
24 (QN/Block) 	Elapsed: 6.264	Loglikelihood: -1.33913e+07	(delta): 0.871829
25 (QN/Block) 	Elapsed: 5.858	Loglikelihood: -1.33913e+07	(delta): 1.00983
26 (QN/Block) 	Elapsed: 6.098	Loglikelihood: -1.33913e+07	(delta): 2.251
27 (QN/Block) 	Elapsed: 6.36	Loglikelihood: -1.33913e+07	(delta): 1.05979
28 (QN/Block) 	Elapsed: 5.861	Loglikelihood: -1.33913e+07	(delta): 3.07933
29 (QN/Block) 	Elapsed: 5.871	Loglikelihood: -1.33913e+07	(delta): 4.88348
30 (QN/Block) 	Elapsed: 6.082	Loglikelihood: -1.33913e+07	(delta): 6.99575
31 (QN/Block) 	Elapsed: 6.28	Loglikelihood: -1.33913e+07	(delta): 5.72158
32 (QN/Block) 	Elapsed: 6.281	Loglikelihood: -1.33913e+07	(delta): 3.76348
33 (QN/Block) 	Elapsed: 6.083	Loglikelihood: -1.33913e+07	(delta): 0.051724
34 (QN/Block) 	Elapsed: 6.274	Loglikelihood: -1.33913e+07	(delta): 0.0187739
35 (QN/Block) 	Elapsed: 5.685	Loglikelihood: -1.33913e+07	(delta): 0.0127595
36 (QN/Block) 	Elapsed: 5.67	Loglikelihood: -1.33913e+07	(delta): 0.00025855
37 (QN/Block) 	Elapsed: 5.674	Loglikelihood: -1.33913e+07	(delta): 0.000117909
38 (QN/Block) 	Elapsed: 5.675	Loglikelihood: -1.33913e+07	(delta): 8.69669e-06
Summary: 
Converged in 38 iterations (242.56 sec)
Loglikelihood: -13391269.230570
Fst divergences between estimated populations: 
	Pop0	Pop1	Pop2	
Pop0	
Pop1	0.037	
Pop2	0.031	0.032	
Pop3	0.032	0.030	0.030	
CV error (K=4): 0.35708
Writing output files.
