****                   ADMIXTURE Version 1.3.0                  ****
****                    Copyright 2008-2015                     ****
****           David Alexander, Suyash Shringarpure,            ****
****                John  Novembre, Ken Lange                   ****
****                                                            ****
****                 Please cite our paper!                     ****
****   Information at www.genetics.ucla.edu/software/admixture  ****

Cross-validation will be performed.  Folds=5.
Random seed: 43
Point estimation method: Block relaxation algorithm
Convergence acceleration algorithm: QuasiNewton, 3 secant conditions
Point estimation will terminate when objective function delta < 0.0001
Estimation of standard errors disabled; will compute point estimates only.
Size of G: 100x1356323
Performing five EM steps to prime main algorithm
1 (EM) 	Elapsed: 3.269	Loglikelihood: -1.66569e+07	(delta): 2.16345e+08
2 (EM) 	Elapsed: 3.265	Loglikelihood: -1.60325e+07	(delta): 624397
3 (EM) 	Elapsed: 3.281	Loglikelihood: -1.58873e+07	(delta): 145216
4 (EM) 	Elapsed: 3.286	Loglikelihood: -1.58223e+07	(delta): 65004.8
5 (EM) 	Elapsed: 3.289	Loglikelihood: -1.57924e+07	(delta): 29939.2
Initial loglikelihood: -1.57924e+07
Starting main algorithm
1 (QN/Block) 	Elapsed: 9.495	Loglikelihood: -1.56624e+07	(delta): 130003
2 (QN/Block) 	Elapsed: 9.474	Loglikelihood: -1.54128e+07	(delta): 249525
3 (QN/Block) 	Elapsed: 11.047	Loglikelihood: -1.52694e+07	(delta): 143394
4 (QN/Block) 	Elapsed: 13.155	Loglikelihood: -1.50738e+07	(delta): 195631
5 (QN/Block) 	Elapsed: 11.696	Loglikelihood: -1.49472e+07	(delta): 126586
6 (QN/Block) 	Elapsed: 13.049	Loglikelihood: -1.49012e+07	(delta): 45990.3
7 (QN/Block) 	Elapsed: 11.831	Loglikelihood: -1.48862e+07	(delta): 15044.5
8 (QN/Block) 	Elapsed: 13.124	Loglikelihood: -1.48826e+07	(delta): 3553.09
9 (QN/Block) 	Elapsed: 11.746	Loglikelihood: -1.48822e+07	(delta): 414.576
10 (QN/Block) 	Elapsed: 11.751	Loglikelihood: -1.48822e+07	(delta): 22.825
11 (QN/Block) 	Elapsed: 12.406	Loglikelihood: -1.48822e+07	(delta): 0.556311
12 (QN/Block) 	Elapsed: 11.015	Loglikelihood: -1.48822e+07	(delta): 0.154573
13 (QN/Block) 	Elapsed: 11.288	Loglikelihood: -1.48822e+07	(delta): 0.0293651
14 (QN/Block) 	Elapsed: 11.017	Loglikelihood: -1.48822e+07	(delta): 0.00238266
15 (QN/Block) 	Elapsed: 11.057	Loglikelihood: -1.48822e+07	(delta): 0.000119777
16 (QN/Block) 	Elapsed: 11.238	Loglikelihood: -1.48822e+07	(delta): 1.13398e-05
Summary: 
Converged in 16 iterations (217.273 sec)
Loglikelihood: -14882198.157498
Fst divergences between estimated populations: 
	Pop0	
Pop0	
Pop1	0.088	
CV error (K=2): 0.07181
Writing output files.
