****                   ADMIXTURE Version 1.3.0                  ****
****                    Copyright 2008-2015                     ****
****           David Alexander, Suyash Shringarpure,            ****
****                John  Novembre, Ken Lange                   ****
****                                                            ****
****                 Please cite our paper!                     ****
****   Information at www.genetics.ucla.edu/software/admixture  ****

Cross-validation will be performed.  Folds=5.
Random seed: 43
Point estimation method: Block relaxation algorithm
Convergence acceleration algorithm: QuasiNewton, 3 secant conditions
Point estimation will terminate when objective function delta < 0.0001
Estimation of standard errors disabled; will compute point estimates only.
Size of G: 100x1356323
Performing five EM steps to prime main algorithm
1 (EM) 	Elapsed: 4.459	Loglikelihood: -1.69317e+07	(delta): 2.01065e+08
2 (EM) 	Elapsed: 4.457	Loglikelihood: -1.60937e+07	(delta): 837967
3 (EM) 	Elapsed: 4.443	Loglikelihood: -1.59042e+07	(delta): 189539
4 (EM) 	Elapsed: 4.446	Loglikelihood: -1.58003e+07	(delta): 103835
5 (EM) 	Elapsed: 4.448	Loglikelihood: -1.57379e+07	(delta): 62436.6
Initial loglikelihood: -1.57379e+07
Starting main algorithm
1 (QN/Block) 	Elapsed: 14.066	Loglikelihood: -1.53647e+07	(delta): 373213
2 (QN/Block) 	Elapsed: 13.896	Loglikelihood: -1.48323e+07	(delta): 532407
3 (QN/Block) 	Elapsed: 16.024	Loglikelihood: -1.46836e+07	(delta): 148654
4 (QN/Block) 	Elapsed: 16.072	Loglikelihood: -1.4581e+07	(delta): 102654
5 (QN/Block) 	Elapsed: 17.832	Loglikelihood: -1.45161e+07	(delta): 64851.3
6 (QN/Block) 	Elapsed: 16.045	Loglikelihood: -1.45037e+07	(delta): 12418.5
7 (QN/Block) 	Elapsed: 18.545	Loglikelihood: -1.4501e+07	(delta): 2652.48
8 (QN/Block) 	Elapsed: 17.033	Loglikelihood: -1.45005e+07	(delta): 535.259
9 (QN/Block) 	Elapsed: 16.811	Loglikelihood: -1.45003e+07	(delta): 170.537
10 (QN/Block) 	Elapsed: 16.016	Loglikelihood: -1.45003e+07	(delta): 38.9153
11 (QN/Block) 	Elapsed: 16.06	Loglikelihood: -1.45003e+07	(delta): 5.23606
12 (QN/Block) 	Elapsed: 15.861	Loglikelihood: -1.45003e+07	(delta): 0.603857
13 (QN/Block) 	Elapsed: 16.41	Loglikelihood: -1.45003e+07	(delta): 0.0717801
14 (QN/Block) 	Elapsed: 15.883	Loglikelihood: -1.45003e+07	(delta): 0.00464653
15 (QN/Block) 	Elapsed: 16.065	Loglikelihood: -1.45003e+07	(delta): 0.000713047
16 (QN/Block) 	Elapsed: 15.876	Loglikelihood: -1.45003e+07	(delta): 5.47059e-06
Summary: 
Converged in 16 iterations (300.175 sec)
Loglikelihood: -14500290.945668
Fst divergences between estimated populations: 
	Pop0	Pop1	
Pop0	
Pop1	0.117	
Pop2	0.070	0.092	
CV error (K=3): 0.07217
Writing output files.
