****                   ADMIXTURE Version 1.3.0                  ****
****                    Copyright 2008-2015                     ****
****           David Alexander, Suyash Shringarpure,            ****
****                John  Novembre, Ken Lange                   ****
****                                                            ****
****                 Please cite our paper!                     ****
****   Information at www.genetics.ucla.edu/software/admixture  ****

Cross-validation will be performed.  Folds=5.
Random seed: 43
Point estimation method: Block relaxation algorithm
Convergence acceleration algorithm: QuasiNewton, 3 secant conditions
Point estimation will terminate when objective function delta < 0.0001
Estimation of standard errors disabled; will compute point estimates only.
Size of G: 100x1356323
Performing five EM steps to prime main algorithm
1 (EM) 	Elapsed: 5.997	Loglikelihood: -1.7009e+07	(delta): 1.93588e+08
2 (EM) 	Elapsed: 5.998	Loglikelihood: -1.60689e+07	(delta): 940041
3 (EM) 	Elapsed: 6	Loglikelihood: -1.58617e+07	(delta): 207213
4 (EM) 	Elapsed: 6	Loglikelihood: -1.57429e+07	(delta): 118810
5 (EM) 	Elapsed: 6.001	Loglikelihood: -1.56651e+07	(delta): 77847.7
Initial loglikelihood: -1.56651e+07
Starting main algorithm
1 (QN/Block) 	Elapsed: 18.496	Loglikelihood: -1.4892e+07	(delta): 773091
2 (QN/Block) 	Elapsed: 18.462	Loglikelihood: -1.45201e+07	(delta): 371903
3 (QN/Block) 	Elapsed: 22.048	Loglikelihood: -1.4392e+07	(delta): 128061
4 (QN/Block) 	Elapsed: 24.04	Loglikelihood: -1.43109e+07	(delta): 81116.9
5 (QN/Block) 	Elapsed: 23.026	Loglikelihood: -1.42831e+07	(delta): 27814.1
6 (QN/Block) 	Elapsed: 22.03	Loglikelihood: -1.42732e+07	(delta): 9878.27
7 (QN/Block) 	Elapsed: 23.006	Loglikelihood: -1.42711e+07	(delta): 2100.84
8 (QN/Block) 	Elapsed: 23.004	Loglikelihood: -1.42705e+07	(delta): 622.121
9 (QN/Block) 	Elapsed: 21.052	Loglikelihood: -1.42704e+07	(delta): 88.4941
10 (QN/Block) 	Elapsed: 23.002	Loglikelihood: -1.42704e+07	(delta): 11.7934
11 (QN/Block) 	Elapsed: 21.046	Loglikelihood: -1.42704e+07	(delta): 0.727369
12 (QN/Block) 	Elapsed: 21.035	Loglikelihood: -1.42704e+07	(delta): 0.0697937
13 (QN/Block) 	Elapsed: 22.995	Loglikelihood: -1.42704e+07	(delta): 0.006519
14 (QN/Block) 	Elapsed: 21.034	Loglikelihood: -1.42704e+07	(delta): 0.00129877
15 (QN/Block) 	Elapsed: 21.039	Loglikelihood: -1.42704e+07	(delta): 0.000231748
16 (QN/Block) 	Elapsed: 21.029	Loglikelihood: -1.42704e+07	(delta): 1.67266e-06
Summary: 
Converged in 16 iterations (399.406 sec)
Loglikelihood: -14270362.283655
Fst divergences between estimated populations: 
	Pop0	Pop1	Pop2	
Pop0	
Pop1	0.099	
Pop2	0.045	0.097	
Pop3	0.078	0.118	0.067	
CV error (K=4): 0.07381
Writing output files.
