****                   ADMIXTURE Version 1.3.0                  ****
****                    Copyright 2008-2015                     ****
****           David Alexander, Suyash Shringarpure,            ****
****                John  Novembre, Ken Lange                   ****
****                                                            ****
****                 Please cite our paper!                     ****
****   Information at www.genetics.ucla.edu/software/admixture  ****

Cross-validation will be performed.  Folds=5.
Random seed: 43
Point estimation method: Block relaxation algorithm
Convergence acceleration algorithm: QuasiNewton, 3 secant conditions
Point estimation will terminate when objective function delta < 0.0001
Estimation of standard errors disabled; will compute point estimates only.
Size of G: 100x1356323
Performing five EM steps to prime main algorithm
1 (EM) 	Elapsed: 7.283	Loglikelihood: -1.70671e+07	(delta): 1.88582e+08
2 (EM) 	Elapsed: 7.285	Loglikelihood: -1.60835e+07	(delta): 983615
3 (EM) 	Elapsed: 7.292	Loglikelihood: -1.58851e+07	(delta): 198333
4 (EM) 	Elapsed: 7.284	Loglikelihood: -1.57692e+07	(delta): 115938
5 (EM) 	Elapsed: 7.305	Loglikelihood: -1.56883e+07	(delta): 80870.9
Initial loglikelihood: -1.56883e+07
Starting main algorithm
1 (QN/Block) 	Elapsed: 22.554	Loglikelihood: -1.51708e+07	(delta): 517519
2 (QN/Block) 	Elapsed: 22.543	Loglikelihood: -1.45177e+07	(delta): 653103
3 (QN/Block) 	Elapsed: 26.53	Loglikelihood: -1.43235e+07	(delta): 194207
4 (QN/Block) 	Elapsed: 26.601	Loglikelihood: -1.42516e+07	(delta): 71894.3
5 (QN/Block) 	Elapsed: 25.591	Loglikelihood: -1.42128e+07	(delta): 38762.2
6 (QN/Block) 	Elapsed: 26.652	Loglikelihood: -1.41804e+07	(delta): 32471.2
7 (QN/Block) 	Elapsed: 27.609	Loglikelihood: -1.41402e+07	(delta): 40177.8
8 (QN/Block) 	Elapsed: 26.507	Loglikelihood: -1.41103e+07	(delta): 29920.3
9 (QN/Block) 	Elapsed: 26.515	Loglikelihood: -1.41005e+07	(delta): 9776.67
10 (QN/Block) 	Elapsed: 25.429	Loglikelihood: -1.40978e+07	(delta): 2697.07
11 (QN/Block) 	Elapsed: 25.433	Loglikelihood: -1.40968e+07	(delta): 962.903
12 (QN/Block) 	Elapsed: 26.508	Loglikelihood: -1.40966e+07	(delta): 185.775
13 (QN/Block) 	Elapsed: 27.669	Loglikelihood: -1.40966e+07	(delta): 40.256
14 (QN/Block) 	Elapsed: 28.724	Loglikelihood: -1.40966e+07	(delta): 9.54595
15 (QN/Block) 	Elapsed: 27.56	Loglikelihood: -1.40966e+07	(delta): 2.04829
16 (QN/Block) 	Elapsed: 27.591	Loglikelihood: -1.40966e+07	(delta): 0.436495
17 (QN/Block) 	Elapsed: 27.577	Loglikelihood: -1.40966e+07	(delta): 0.280484
18 (QN/Block) 	Elapsed: 25.433	Loglikelihood: -1.40966e+07	(delta): 0.179593
19 (QN/Block) 	Elapsed: 25.43	Loglikelihood: -1.40966e+07	(delta): 0.1566
20 (QN/Block) 	Elapsed: 25.423	Loglikelihood: -1.40966e+07	(delta): 0.0104253
21 (QN/Block) 	Elapsed: 25.435	Loglikelihood: -1.40966e+07	(delta): 0.000578413
22 (QN/Block) 	Elapsed: 25.433	Loglikelihood: -1.40966e+07	(delta): 2.5427e-05
Summary: 
Converged in 22 iterations (642.675 sec)
Loglikelihood: -14096588.367277
Fst divergences between estimated populations: 
	Pop0	Pop1	Pop2	Pop3	
Pop0	
Pop1	0.045	
Pop2	0.106	0.104	
Pop3	0.079	0.067	0.126	
Pop4	0.109	0.105	0.038	0.126	
CV error (K=5): 0.07913
Writing output files.
