****                   ADMIXTURE Version 1.3.0                  ****
****                    Copyright 2008-2015                     ****
****           David Alexander, Suyash Shringarpure,            ****
****                John  Novembre, Ken Lange                   ****
****                                                            ****
****                 Please cite our paper!                     ****
****   Information at www.genetics.ucla.edu/software/admixture  ****

Cross-validation will be performed.  Folds=5.
Random seed: 43
Point estimation method: Block relaxation algorithm
Convergence acceleration algorithm: QuasiNewton, 3 secant conditions
Point estimation will terminate when objective function delta < 0.0001
Estimation of standard errors disabled; will compute point estimates only.
Size of G: 97x435282
Performing five EM steps to prime main algorithm
1 (EM) 	Elapsed: 1.592	Loglikelihood: -2.26136e+07	(delta): 4.99788e+07
2 (EM) 	Elapsed: 1.587	Loglikelihood: -2.18332e+07	(delta): 780451
3 (EM) 	Elapsed: 1.591	Loglikelihood: -2.1638e+07	(delta): 195202
4 (EM) 	Elapsed: 1.587	Loglikelihood: -2.15487e+07	(delta): 89228.7
5 (EM) 	Elapsed: 1.59	Loglikelihood: -2.15063e+07	(delta): 42451.4
Initial loglikelihood: -2.15063e+07
Starting main algorithm
1 (QN/Block) 	Elapsed: 4.427	Loglikelihood: -2.1445e+07	(delta): 61307.2
2 (QN/Block) 	Elapsed: 4.41	Loglikelihood: -2.14302e+07	(delta): 14792.1
3 (QN/Block) 	Elapsed: 5.218	Loglikelihood: -2.14199e+07	(delta): 10315.3
4 (QN/Block) 	Elapsed: 5.65	Loglikelihood: -2.14155e+07	(delta): 4354.52
5 (QN/Block) 	Elapsed: 5.177	Loglikelihood: -2.14138e+07	(delta): 1736.34
6 (QN/Block) 	Elapsed: 5.659	Loglikelihood: -2.14132e+07	(delta): 589.622
7 (QN/Block) 	Elapsed: 5.413	Loglikelihood: -2.14119e+07	(delta): 1293.74
8 (QN/Block) 	Elapsed: 5.651	Loglikelihood: -2.14097e+07	(delta): 2164.2
9 (QN/Block) 	Elapsed: 6.156	Loglikelihood: -2.14088e+07	(delta): 899.538
10 (QN/Block) 	Elapsed: 5.96	Loglikelihood: -2.14087e+07	(delta): 177.913
11 (QN/Block) 	Elapsed: 5.218	Loglikelihood: -2.14086e+07	(delta): 44.7317
12 (QN/Block) 	Elapsed: 5.085	Loglikelihood: -2.14086e+07	(delta): 16.4414
13 (QN/Block) 	Elapsed: 4.977	Loglikelihood: -2.14086e+07	(delta): 14.3558
14 (QN/Block) 	Elapsed: 4.942	Loglikelihood: -2.14086e+07	(delta): 29.1363
15 (QN/Block) 	Elapsed: 5.661	Loglikelihood: -2.14085e+07	(delta): 25.0534
16 (QN/Block) 	Elapsed: 5.662	Loglikelihood: -2.14085e+07	(delta): 18.7862
17 (QN/Block) 	Elapsed: 5.683	Loglikelihood: -2.14085e+07	(delta): 2.6675
18 (QN/Block) 	Elapsed: 5.677	Loglikelihood: -2.14085e+07	(delta): 3.90402
19 (QN/Block) 	Elapsed: 5.653	Loglikelihood: -2.14085e+07	(delta): 5.9366
20 (QN/Block) 	Elapsed: 5.658	Loglikelihood: -2.14085e+07	(delta): 8.95086
21 (QN/Block) 	Elapsed: 5.683	Loglikelihood: -2.14085e+07	(delta): 5.9643
22 (QN/Block) 	Elapsed: 4.968	Loglikelihood: -2.14085e+07	(delta): 0.671082
23 (QN/Block) 	Elapsed: 5.175	Loglikelihood: -2.14085e+07	(delta): 1.83252
24 (QN/Block) 	Elapsed: 5.415	Loglikelihood: -2.14085e+07	(delta): 5.57633
25 (QN/Block) 	Elapsed: 4.935	Loglikelihood: -2.14084e+07	(delta): 27.5247
26 (QN/Block) 	Elapsed: 4.941	Loglikelihood: -2.14084e+07	(delta): 26.5584
27 (QN/Block) 	Elapsed: 4.934	Loglikelihood: -2.14084e+07	(delta): 6.35097
28 (QN/Block) 	Elapsed: 4.935	Loglikelihood: -2.14084e+07	(delta): 0.248411
29 (QN/Block) 	Elapsed: 4.936	Loglikelihood: -2.14084e+07	(delta): 0.00633153
30 (QN/Block) 	Elapsed: 4.932	Loglikelihood: -2.14084e+07	(delta): 0.000350554
31 (QN/Block) 	Elapsed: 4.94	Loglikelihood: -2.14084e+07	(delta): 1.58176e-05
Summary: 
Converged in 31 iterations (181.068 sec)
Loglikelihood: -21408415.625048
Fst divergences between estimated populations: 
	Pop0	
Pop0	
Pop1	0.013	
CV error (K=2): 0.32944
Writing output files.
