****                   ADMIXTURE Version 1.3.0                  ****
****                    Copyright 2008-2015                     ****
****           David Alexander, Suyash Shringarpure,            ****
****                John  Novembre, Ken Lange                   ****
****                                                            ****
****                 Please cite our paper!                     ****
****   Information at www.genetics.ucla.edu/software/admixture  ****

Cross-validation will be performed.  Folds=5.
Random seed: 43
Point estimation method: Block relaxation algorithm
Convergence acceleration algorithm: QuasiNewton, 3 secant conditions
Point estimation will terminate when objective function delta < 0.0001
Estimation of standard errors disabled; will compute point estimates only.
Size of G: 97x435282
Performing five EM steps to prime main algorithm
1 (EM) 	Elapsed: 2.988	Loglikelihood: -2.29774e+07	(delta): 4.25757e+07
2 (EM) 	Elapsed: 2.983	Loglikelihood: -2.19227e+07	(delta): 1.05467e+06
3 (EM) 	Elapsed: 2.986	Loglikelihood: -2.16635e+07	(delta): 259154
4 (EM) 	Elapsed: 2.984	Loglikelihood: -2.15121e+07	(delta): 151420
5 (EM) 	Elapsed: 2.989	Loglikelihood: -2.14112e+07	(delta): 100922
Initial loglikelihood: -2.14112e+07
Starting main algorithm
1 (QN/Block) 	Elapsed: 8.352	Loglikelihood: -2.10971e+07	(delta): 314115
2 (QN/Block) 	Elapsed: 8.306	Loglikelihood: -2.10435e+07	(delta): 53562
3 (QN/Block) 	Elapsed: 9.099	Loglikelihood: -2.10142e+07	(delta): 29282.9
4 (QN/Block) 	Elapsed: 9.411	Loglikelihood: -2.09933e+07	(delta): 20995.3
5 (QN/Block) 	Elapsed: 9.387	Loglikelihood: -2.09821e+07	(delta): 11104.7
6 (QN/Block) 	Elapsed: 9.079	Loglikelihood: -2.0975e+07	(delta): 7143.44
7 (QN/Block) 	Elapsed: 9.106	Loglikelihood: -2.09716e+07	(delta): 3421.25
8 (QN/Block) 	Elapsed: 9.092	Loglikelihood: -2.09698e+07	(delta): 1782.15
9 (QN/Block) 	Elapsed: 9.07	Loglikelihood: -2.09673e+07	(delta): 2545.81
10 (QN/Block) 	Elapsed: 9.412	Loglikelihood: -2.09645e+07	(delta): 2737.19
11 (QN/Block) 	Elapsed: 9.384	Loglikelihood: -2.09624e+07	(delta): 2077.32
12 (QN/Block) 	Elapsed: 9.388	Loglikelihood: -2.09612e+07	(delta): 1268
13 (QN/Block) 	Elapsed: 10.001	Loglikelihood: -2.09602e+07	(delta): 940.365
14 (QN/Block) 	Elapsed: 10.003	Loglikelihood: -2.09599e+07	(delta): 361.291
15 (QN/Block) 	Elapsed: 9.365	Loglikelihood: -2.09596e+07	(delta): 261.17
16 (QN/Block) 	Elapsed: 9.975	Loglikelihood: -2.09595e+07	(delta): 134.013
17 (QN/Block) 	Elapsed: 9.964	Loglikelihood: -2.09594e+07	(delta): 63.1253
18 (QN/Block) 	Elapsed: 9.329	Loglikelihood: -2.09594e+07	(delta): 57.5089
19 (QN/Block) 	Elapsed: 9.983	Loglikelihood: -2.09593e+07	(delta): 54.6818
20 (QN/Block) 	Elapsed: 9.985	Loglikelihood: -2.09593e+07	(delta): 5.40298
21 (QN/Block) 	Elapsed: 9.988	Loglikelihood: -2.09593e+07	(delta): 5.31676
22 (QN/Block) 	Elapsed: 9.99	Loglikelihood: -2.09593e+07	(delta): 6.07647
23 (QN/Block) 	Elapsed: 9.99	Loglikelihood: -2.09593e+07	(delta): 7.00104
24 (QN/Block) 	Elapsed: 9.984	Loglikelihood: -2.09593e+07	(delta): 7.43573
25 (QN/Block) 	Elapsed: 9.988	Loglikelihood: -2.09593e+07	(delta): 0.639955
26 (QN/Block) 	Elapsed: 9.99	Loglikelihood: -2.09593e+07	(delta): 0.0972793
27 (QN/Block) 	Elapsed: 9.985	Loglikelihood: -2.09593e+07	(delta): 0.112791
28 (QN/Block) 	Elapsed: 9.981	Loglikelihood: -2.09593e+07	(delta): 0.137704
29 (QN/Block) 	Elapsed: 9.986	Loglikelihood: -2.09593e+07	(delta): 0.170046
30 (QN/Block) 	Elapsed: 9.982	Loglikelihood: -2.09593e+07	(delta): 0.210373
31 (QN/Block) 	Elapsed: 10.014	Loglikelihood: -2.09593e+07	(delta): 0.259749
32 (QN/Block) 	Elapsed: 9.984	Loglikelihood: -2.09593e+07	(delta): 0.319428
33 (QN/Block) 	Elapsed: 9.985	Loglikelihood: -2.09593e+07	(delta): 0.39074
34 (QN/Block) 	Elapsed: 9.984	Loglikelihood: -2.09593e+07	(delta): 0.475443
35 (QN/Block) 	Elapsed: 9.984	Loglikelihood: -2.09593e+07	(delta): 0.575583
36 (QN/Block) 	Elapsed: 9.978	Loglikelihood: -2.09593e+07	(delta): 0.693878
37 (QN/Block) 	Elapsed: 9.98	Loglikelihood: -2.09593e+07	(delta): 0.82611
38 (QN/Block) 	Elapsed: 9.98	Loglikelihood: -2.09593e+07	(delta): 0.935077
39 (QN/Block) 	Elapsed: 9.981	Loglikelihood: -2.09593e+07	(delta): 1.0556
40 (QN/Block) 	Elapsed: 9.982	Loglikelihood: -2.09593e+07	(delta): 1.20324
41 (QN/Block) 	Elapsed: 9.981	Loglikelihood: -2.09593e+07	(delta): 1.34919
42 (QN/Block) 	Elapsed: 9.667	Loglikelihood: -2.09593e+07	(delta): 2.30726
43 (QN/Block) 	Elapsed: 9.982	Loglikelihood: -2.09593e+07	(delta): 5.76301
44 (QN/Block) 	Elapsed: 9.66	Loglikelihood: -2.09592e+07	(delta): 1.05309
45 (QN/Block) 	Elapsed: 9.675	Loglikelihood: -2.09592e+07	(delta): 1.7801
46 (QN/Block) 	Elapsed: 9.029	Loglikelihood: -2.09592e+07	(delta): 0.197317
47 (QN/Block) 	Elapsed: 9.011	Loglikelihood: -2.09592e+07	(delta): 6.26239
48 (QN/Block) 	Elapsed: 9.987	Loglikelihood: -2.09592e+07	(delta): 10.2327
49 (QN/Block) 	Elapsed: 10.008	Loglikelihood: -2.09592e+07	(delta): 19.2887
50 (QN/Block) 	Elapsed: 9.98	Loglikelihood: -2.09592e+07	(delta): 34.7895
51 (QN/Block) 	Elapsed: 9.978	Loglikelihood: -2.09591e+07	(delta): 86.0362
52 (QN/Block) 	Elapsed: 9.984	Loglikelihood: -2.09589e+07	(delta): 234.046
53 (QN/Block) 	Elapsed: 9.998	Loglikelihood: -2.09587e+07	(delta): 112.382
54 (QN/Block) 	Elapsed: 9.989	Loglikelihood: -2.09587e+07	(delta): 1.85567
55 (QN/Block) 	Elapsed: 9.36	Loglikelihood: -2.09587e+07	(delta): 1.18906
56 (QN/Block) 	Elapsed: 9.959	Loglikelihood: -2.09587e+07	(delta): 1.35748
57 (QN/Block) 	Elapsed: 9.971	Loglikelihood: -2.09587e+07	(delta): 0.199792
58 (QN/Block) 	Elapsed: 9.01	Loglikelihood: -2.09587e+07	(delta): 0.112001
59 (QN/Block) 	Elapsed: 9.013	Loglikelihood: -2.09587e+07	(delta): 0.0438163
60 (QN/Block) 	Elapsed: 9.01	Loglikelihood: -2.09587e+07	(delta): 0.00480628
61 (QN/Block) 	Elapsed: 9.035	Loglikelihood: -2.09587e+07	(delta): 0.000804108
62 (QN/Block) 	Elapsed: 9.01	Loglikelihood: -2.09587e+07	(delta): 8.35136e-05
Summary: 
Converged in 62 iterations (635.515 sec)
Loglikelihood: -20958739.877981
Fst divergences between estimated populations: 
	Pop0	Pop1	Pop2	
Pop0	
Pop1	0.029	
Pop2	0.024	0.029	
Pop3	0.025	0.029	0.024	
CV error (K=4): 0.36131
Writing output files.
