****                   ADMIXTURE Version 1.3.0                  ****
****                    Copyright 2008-2015                     ****
****           David Alexander, Suyash Shringarpure,            ****
****                John  Novembre, Ken Lange                   ****
****                                                            ****
****                 Please cite our paper!                     ****
****   Information at www.genetics.ucla.edu/software/admixture  ****

Cross-validation will be performed.  Folds=5.
Random seed: 43
Point estimation method: Block relaxation algorithm
Convergence acceleration algorithm: QuasiNewton, 3 secant conditions
Point estimation will terminate when objective function delta < 0.0001
Estimation of standard errors disabled; will compute point estimates only.
Size of G: 97x435282
Performing five EM steps to prime main algorithm
1 (EM) 	Elapsed: 3.86	Loglikelihood: -2.29981e+07	(delta): 4.09848e+07
2 (EM) 	Elapsed: 3.852	Loglikelihood: -2.19041e+07	(delta): 1.09405e+06
3 (EM) 	Elapsed: 3.859	Loglikelihood: -2.16533e+07	(delta): 250789
4 (EM) 	Elapsed: 3.863	Loglikelihood: -2.15025e+07	(delta): 150774
5 (EM) 	Elapsed: 3.849	Loglikelihood: -2.13954e+07	(delta): 107107
Initial loglikelihood: -2.13954e+07
Starting main algorithm
1 (QN/Block) 	Elapsed: 10.684	Loglikelihood: -2.09506e+07	(delta): 444755
2 (QN/Block) 	Elapsed: 10.611	Loglikelihood: -2.08641e+07	(delta): 86506.5
3 (QN/Block) 	Elapsed: 11.868	Loglikelihood: -2.08082e+07	(delta): 55945.3
4 (QN/Block) 	Elapsed: 12.186	Loglikelihood: -2.07779e+07	(delta): 30320.6
5 (QN/Block) 	Elapsed: 12.175	Loglikelihood: -2.07613e+07	(delta): 16583.3
6 (QN/Block) 	Elapsed: 11.479	Loglikelihood: -2.07523e+07	(delta): 8951.55
7 (QN/Block) 	Elapsed: 11.476	Loglikelihood: -2.07496e+07	(delta): 2696.74
8 (QN/Block) 	Elapsed: 11.469	Loglikelihood: -2.07483e+07	(delta): 1344.39
9 (QN/Block) 	Elapsed: 11.472	Loglikelihood: -2.07464e+07	(delta): 1874.9
10 (QN/Block) 	Elapsed: 11.474	Loglikelihood: -2.0745e+07	(delta): 1366.84
11 (QN/Block) 	Elapsed: 11.495	Loglikelihood: -2.07446e+07	(delta): 466.08
12 (QN/Block) 	Elapsed: 12.536	Loglikelihood: -2.07444e+07	(delta): 176.841
13 (QN/Block) 	Elapsed: 12.527	Loglikelihood: -2.07441e+07	(delta): 288.969
14 (QN/Block) 	Elapsed: 12.537	Loglikelihood: -2.0744e+07	(delta): 147.995
15 (QN/Block) 	Elapsed: 11.474	Loglikelihood: -2.07438e+07	(delta): 161.922
16 (QN/Block) 	Elapsed: 12.185	Loglikelihood: -2.07435e+07	(delta): 319.141
17 (QN/Block) 	Elapsed: 11.479	Loglikelihood: -2.07431e+07	(delta): 385.912
18 (QN/Block) 	Elapsed: 11.471	Loglikelihood: -2.07426e+07	(delta): 537.855
19 (QN/Block) 	Elapsed: 11.468	Loglikelihood: -2.0742e+07	(delta): 547.561
20 (QN/Block) 	Elapsed: 11.468	Loglikelihood: -2.074e+07	(delta): 2011.53
21 (QN/Block) 	Elapsed: 12.18	Loglikelihood: -2.07373e+07	(delta): 2704.16
22 (QN/Block) 	Elapsed: 12.174	Loglikelihood: -2.07332e+07	(delta): 4045.65
23 (QN/Block) 	Elapsed: 12.548	Loglikelihood: -2.0731e+07	(delta): 2211.61
24 (QN/Block) 	Elapsed: 11.469	Loglikelihood: -2.07297e+07	(delta): 1326.39
25 (QN/Block) 	Elapsed: 11.463	Loglikelihood: -2.07295e+07	(delta): 245.654
26 (QN/Block) 	Elapsed: 11.831	Loglikelihood: -2.07294e+07	(delta): 74.381
27 (QN/Block) 	Elapsed: 11.45	Loglikelihood: -2.07293e+07	(delta): 53.2625
28 (QN/Block) 	Elapsed: 12.156	Loglikelihood: -2.07283e+07	(delta): 1068.06
29 (QN/Block) 	Elapsed: 11.811	Loglikelihood: -2.07273e+07	(delta): 936.134
30 (QN/Block) 	Elapsed: 12.166	Loglikelihood: -2.07269e+07	(delta): 390.03
31 (QN/Block) 	Elapsed: 12.506	Loglikelihood: -2.07268e+07	(delta): 121.079
32 (QN/Block) 	Elapsed: 12.476	Loglikelihood: -2.07263e+07	(delta): 515.912
33 (QN/Block) 	Elapsed: 11.788	Loglikelihood: -2.07255e+07	(delta): 781.223
34 (QN/Block) 	Elapsed: 12.514	Loglikelihood: -2.07251e+07	(delta): 408.897
35 (QN/Block) 	Elapsed: 11.872	Loglikelihood: -2.07236e+07	(delta): 1490.89
36 (QN/Block) 	Elapsed: 12.517	Loglikelihood: -2.07232e+07	(delta): 440.678
37 (QN/Block) 	Elapsed: 11.779	Loglikelihood: -2.07231e+07	(delta): 38.1281
38 (QN/Block) 	Elapsed: 11.756	Loglikelihood: -2.07231e+07	(delta): 4.92945
39 (QN/Block) 	Elapsed: 11.759	Loglikelihood: -2.07231e+07	(delta): 3.46293
40 (QN/Block) 	Elapsed: 11.406	Loglikelihood: -2.07231e+07	(delta): 5.17677
41 (QN/Block) 	Elapsed: 12.467	Loglikelihood: -2.07231e+07	(delta): 2.20476
42 (QN/Block) 	Elapsed: 12.465	Loglikelihood: -2.07231e+07	(delta): 2.25931
43 (QN/Block) 	Elapsed: 12.469	Loglikelihood: -2.07231e+07	(delta): 2.23405
44 (QN/Block) 	Elapsed: 12.47	Loglikelihood: -2.07231e+07	(delta): 2.20376
45 (QN/Block) 	Elapsed: 12.462	Loglikelihood: -2.07231e+07	(delta): 2.23186
46 (QN/Block) 	Elapsed: 12.47	Loglikelihood: -2.07231e+07	(delta): 2.32819
47 (QN/Block) 	Elapsed: 12.468	Loglikelihood: -2.07231e+07	(delta): 2.52455
48 (QN/Block) 	Elapsed: 12.105	Loglikelihood: -2.07231e+07	(delta): 3.44083
49 (QN/Block) 	Elapsed: 12.469	Loglikelihood: -2.07231e+07	(delta): 5.31135
50 (QN/Block) 	Elapsed: 12.474	Loglikelihood: -2.07231e+07	(delta): 2.0928
51 (QN/Block) 	Elapsed: 12.471	Loglikelihood: -2.07231e+07	(delta): 1.96568
52 (QN/Block) 	Elapsed: 12.469	Loglikelihood: -2.07231e+07	(delta): 1.92942
53 (QN/Block) 	Elapsed: 12.471	Loglikelihood: -2.07231e+07	(delta): 1.94751
54 (QN/Block) 	Elapsed: 12.469	Loglikelihood: -2.07231e+07	(delta): 1.95604
55 (QN/Block) 	Elapsed: 12.477	Loglikelihood: -2.07231e+07	(delta): 2.0432
56 (QN/Block) 	Elapsed: 12.49	Loglikelihood: -2.07231e+07	(delta): 2.35527
57 (QN/Block) 	Elapsed: 12.479	Loglikelihood: -2.07231e+07	(delta): 3.03024
58 (QN/Block) 	Elapsed: 12.475	Loglikelihood: -2.07231e+07	(delta): 4.25845
59 (QN/Block) 	Elapsed: 12.507	Loglikelihood: -2.07231e+07	(delta): 6.4665
60 (QN/Block) 	Elapsed: 12.474	Loglikelihood: -2.07231e+07	(delta): 9.47552
61 (QN/Block) 	Elapsed: 12.469	Loglikelihood: -2.07231e+07	(delta): 12.3916
62 (QN/Block) 	Elapsed: 12.471	Loglikelihood: -2.0723e+07	(delta): 13.6977
63 (QN/Block) 	Elapsed: 12.48	Loglikelihood: -2.0723e+07	(delta): 19.1836
64 (QN/Block) 	Elapsed: 12.522	Loglikelihood: -2.0723e+07	(delta): 30.7423
65 (QN/Block) 	Elapsed: 12.495	Loglikelihood: -2.0723e+07	(delta): 17.4232
66 (QN/Block) 	Elapsed: 11.79	Loglikelihood: -2.0723e+07	(delta): 13.1383
67 (QN/Block) 	Elapsed: 12.19	Loglikelihood: -2.07229e+07	(delta): 17.7348
68 (QN/Block) 	Elapsed: 12.171	Loglikelihood: -2.07229e+07	(delta): 8.01812
69 (QN/Block) 	Elapsed: 11.457	Loglikelihood: -2.07229e+07	(delta): 4.39676
70 (QN/Block) 	Elapsed: 11.817	Loglikelihood: -2.07229e+07	(delta): 2.49091
71 (QN/Block) 	Elapsed: 11.436	Loglikelihood: -2.07229e+07	(delta): 1.6979
72 (QN/Block) 	Elapsed: 12.517	Loglikelihood: -2.07229e+07	(delta): 0.434794
73 (QN/Block) 	Elapsed: 12.506	Loglikelihood: -2.07229e+07	(delta): 0.0172922
74 (QN/Block) 	Elapsed: 11.439	Loglikelihood: -2.07229e+07	(delta): 0.0367229
75 (QN/Block) 	Elapsed: 11.442	Loglikelihood: -2.07229e+07	(delta): 0.00132759
76 (QN/Block) 	Elapsed: 11.443	Loglikelihood: -2.07229e+07	(delta): 0.000317335
77 (QN/Block) 	Elapsed: 11.433	Loglikelihood: -2.07229e+07	(delta): 2.78689e-05
Summary: 
Converged in 77 iterations (975.39 sec)
Loglikelihood: -20722924.857042
Fst divergences between estimated populations: 
	Pop0	Pop1	Pop2	Pop3	
Pop0	
Pop1	0.035	
Pop2	0.040	0.046	
Pop3	0.038	0.040	0.047	
Pop4	0.037	0.040	0.039	0.042	
CV error (K=5): 0.37506
Writing output files.
