****                   ADMIXTURE Version 1.3.0                  ****
****                    Copyright 2008-2015                     ****
****           David Alexander, Suyash Shringarpure,            ****
****                John  Novembre, Ken Lange                   ****
****                                                            ****
****                 Please cite our paper!                     ****
****   Information at www.genetics.ucla.edu/software/admixture  ****

Cross-validation will be performed.  Folds=5.
Random seed: 43
Point estimation method: Block relaxation algorithm
Convergence acceleration algorithm: QuasiNewton, 3 secant conditions
Point estimation will terminate when objective function delta < 0.0001
Estimation of standard errors disabled; will compute point estimates only.
Size of G: 89x349388
Performing five EM steps to prime main algorithm
1 (EM) 	Elapsed: 1.601	Loglikelihood: -1.71209e+07	(delta): 3.30008e+07
2 (EM) 	Elapsed: 1.596	Loglikelihood: -1.63891e+07	(delta): 731778
3 (EM) 	Elapsed: 1.598	Loglikelihood: -1.61994e+07	(delta): 189722
4 (EM) 	Elapsed: 1.598	Loglikelihood: -1.60945e+07	(delta): 104837
5 (EM) 	Elapsed: 1.6	Loglikelihood: -1.60311e+07	(delta): 63374.5
Initial loglikelihood: -1.60311e+07
Starting main algorithm
1 (QN/Block) 	Elapsed: 4.81	Loglikelihood: -1.58729e+07	(delta): 158193
2 (QN/Block) 	Elapsed: 4.898	Loglikelihood: -1.58324e+07	(delta): 40580.2
3 (QN/Block) 	Elapsed: 5.508	Loglikelihood: -1.58085e+07	(delta): 23849.8
4 (QN/Block) 	Elapsed: 5.269	Loglikelihood: -1.57962e+07	(delta): 12320.7
5 (QN/Block) 	Elapsed: 5.975	Loglikelihood: -1.57765e+07	(delta): 19712.1
6 (QN/Block) 	Elapsed: 5.243	Loglikelihood: -1.57684e+07	(delta): 8123.58
7 (QN/Block) 	Elapsed: 5.355	Loglikelihood: -1.57646e+07	(delta): 3783.57
8 (QN/Block) 	Elapsed: 5.445	Loglikelihood: -1.57604e+07	(delta): 4209.24
9 (QN/Block) 	Elapsed: 5.563	Loglikelihood: -1.57567e+07	(delta): 3676.14
10 (QN/Block) 	Elapsed: 5.558	Loglikelihood: -1.57529e+07	(delta): 3801.91
11 (QN/Block) 	Elapsed: 5.665	Loglikelihood: -1.57503e+07	(delta): 2567.68
12 (QN/Block) 	Elapsed: 5.349	Loglikelihood: -1.57487e+07	(delta): 1581.34
13 (QN/Block) 	Elapsed: 5.565	Loglikelihood: -1.57466e+07	(delta): 2189.83
14 (QN/Block) 	Elapsed: 5.35	Loglikelihood: -1.57437e+07	(delta): 2814.07
15 (QN/Block) 	Elapsed: 5.559	Loglikelihood: -1.57407e+07	(delta): 3021.29
16 (QN/Block) 	Elapsed: 5.765	Loglikelihood: -1.57368e+07	(delta): 3895.8
17 (QN/Block) 	Elapsed: 5.243	Loglikelihood: -1.5735e+07	(delta): 1793.35
18 (QN/Block) 	Elapsed: 5.559	Loglikelihood: -1.57331e+07	(delta): 1939.18
19 (QN/Block) 	Elapsed: 5.445	Loglikelihood: -1.57321e+07	(delta): 972.083
20 (QN/Block) 	Elapsed: 5.551	Loglikelihood: -1.57315e+07	(delta): 659.234
21 (QN/Block) 	Elapsed: 5.462	Loglikelihood: -1.57307e+07	(delta): 707.311
22 (QN/Block) 	Elapsed: 5.449	Loglikelihood: -1.57293e+07	(delta): 1473.78
23 (QN/Block) 	Elapsed: 5.902	Loglikelihood: -1.5728e+07	(delta): 1229.15
24 (QN/Block) 	Elapsed: 5.26	Loglikelihood: -1.57277e+07	(delta): 361.686
25 (QN/Block) 	Elapsed: 5.996	Loglikelihood: -1.57272e+07	(delta): 495.659
26 (QN/Block) 	Elapsed: 5.713	Loglikelihood: -1.57269e+07	(delta): 324.241
27 (QN/Block) 	Elapsed: 5.885	Loglikelihood: -1.57267e+07	(delta): 154.447
28 (QN/Block) 	Elapsed: 5.887	Loglikelihood: -1.57267e+07	(delta): 40.0738
29 (QN/Block) 	Elapsed: 5.469	Loglikelihood: -1.57266e+07	(delta): 38.4509
30 (QN/Block) 	Elapsed: 5.563	Loglikelihood: -1.57264e+07	(delta): 260.013
31 (QN/Block) 	Elapsed: 5.881	Loglikelihood: -1.5726e+07	(delta): 332.942
32 (QN/Block) 	Elapsed: 5.468	Loglikelihood: -1.5726e+07	(delta): 60.5158
33 (QN/Block) 	Elapsed: 5.36	Loglikelihood: -1.57259e+07	(delta): 43.763
34 (QN/Block) 	Elapsed: 5.567	Loglikelihood: -1.57259e+07	(delta): 29.2049
35 (QN/Block) 	Elapsed: 5.897	Loglikelihood: -1.57256e+07	(delta): 278.559
36 (QN/Block) 	Elapsed: 5.578	Loglikelihood: -1.57254e+07	(delta): 275.939
37 (QN/Block) 	Elapsed: 5.977	Loglikelihood: -1.57252e+07	(delta): 121.634
38 (QN/Block) 	Elapsed: 5.86	Loglikelihood: -1.57252e+07	(delta): 67.612
39 (QN/Block) 	Elapsed: 5.991	Loglikelihood: -1.57251e+07	(delta): 77.2491
40 (QN/Block) 	Elapsed: 5.872	Loglikelihood: -1.5725e+07	(delta): 91.2919
41 (QN/Block) 	Elapsed: 5.351	Loglikelihood: -1.5725e+07	(delta): 40.7092
42 (QN/Block) 	Elapsed: 5.346	Loglikelihood: -1.57249e+07	(delta): 19.346
43 (QN/Block) 	Elapsed: 5.464	Loglikelihood: -1.57249e+07	(delta): 29.331
44 (QN/Block) 	Elapsed: 5.244	Loglikelihood: -1.57249e+07	(delta): 38.6792
45 (QN/Block) 	Elapsed: 5.364	Loglikelihood: -1.57248e+07	(delta): 21.627
46 (QN/Block) 	Elapsed: 5.975	Loglikelihood: -1.57248e+07	(delta): 11.2686
47 (QN/Block) 	Elapsed: 5.876	Loglikelihood: -1.57248e+07	(delta): 10.5035
48 (QN/Block) 	Elapsed: 5.98	Loglikelihood: -1.57248e+07	(delta): 11.7646
49 (QN/Block) 	Elapsed: 5.98	Loglikelihood: -1.57248e+07	(delta): 14.2577
50 (QN/Block) 	Elapsed: 5.973	Loglikelihood: -1.57248e+07	(delta): 17.6134
51 (QN/Block) 	Elapsed: 5.977	Loglikelihood: -1.57248e+07	(delta): 14.8544
52 (QN/Block) 	Elapsed: 5.876	Loglikelihood: -1.57248e+07	(delta): 7.19257
53 (QN/Block) 	Elapsed: 5.563	Loglikelihood: -1.57247e+07	(delta): 9.28708
54 (QN/Block) 	Elapsed: 5.347	Loglikelihood: -1.57247e+07	(delta): 4.14857
55 (QN/Block) 	Elapsed: 5.971	Loglikelihood: -1.57247e+07	(delta): 1.60762
56 (QN/Block) 	Elapsed: 5.567	Loglikelihood: -1.57247e+07	(delta): 0.394972
57 (QN/Block) 	Elapsed: 5.768	Loglikelihood: -1.57247e+07	(delta): 0.3672
58 (QN/Block) 	Elapsed: 5.562	Loglikelihood: -1.57247e+07	(delta): 0.157726
59 (QN/Block) 	Elapsed: 5.767	Loglikelihood: -1.57247e+07	(delta): 0.126749
60 (QN/Block) 	Elapsed: 5.462	Loglikelihood: -1.57247e+07	(delta): 0.0285403
61 (QN/Block) 	Elapsed: 5.359	Loglikelihood: -1.57247e+07	(delta): 0.00699851
62 (QN/Block) 	Elapsed: 5.358	Loglikelihood: -1.57247e+07	(delta): 0.00376059
63 (QN/Block) 	Elapsed: 5.152	Loglikelihood: -1.57247e+07	(delta): 0.000482503
64 (QN/Block) 	Elapsed: 5.358	Loglikelihood: -1.57247e+07	(delta): 0.000155885
65 (QN/Block) 	Elapsed: 5.358	Loglikelihood: -1.57247e+07	(delta): 7.52695e-06
Summary: 
Converged in 65 iterations (385.541 sec)
Loglikelihood: -15724740.380277
Fst divergences between estimated populations: 
	Pop0	Pop1	
Pop0	
Pop1	0.041	
Pop2	0.050	0.035	
CV error (K=3): 0.35724
Writing output files.
