****                   ADMIXTURE Version 1.3.0                  ****
****                    Copyright 2008-2015                     ****
****           David Alexander, Suyash Shringarpure,            ****
****                John  Novembre, Ken Lange                   ****
****                                                            ****
****                 Please cite our paper!                     ****
****   Information at www.genetics.ucla.edu/software/admixture  ****

Cross-validation will be performed.  Folds=5.
Random seed: 43
Point estimation method: Block relaxation algorithm
Convergence acceleration algorithm: QuasiNewton, 3 secant conditions
Point estimation will terminate when objective function delta < 0.0001
Estimation of standard errors disabled; will compute point estimates only.
Size of G: 89x349388
Performing five EM steps to prime main algorithm
1 (EM) 	Elapsed: 2.823	Loglikelihood: -1.71955e+07	(delta): 2.99058e+07
2 (EM) 	Elapsed: 2.82	Loglikelihood: -1.63687e+07	(delta): 826827
3 (EM) 	Elapsed: 2.82	Loglikelihood: -1.61761e+07	(delta): 192577
4 (EM) 	Elapsed: 2.821	Loglikelihood: -1.606e+07	(delta): 116080
5 (EM) 	Elapsed: 2.824	Loglikelihood: -1.59777e+07	(delta): 82378.6
Initial loglikelihood: -1.59777e+07
Starting main algorithm
1 (QN/Block) 	Elapsed: 7.847	Loglikelihood: -1.5618e+07	(delta): 359612
2 (QN/Block) 	Elapsed: 7.781	Loglikelihood: -1.55245e+07	(delta): 93553.2
3 (QN/Block) 	Elapsed: 8.731	Loglikelihood: -1.54573e+07	(delta): 67238.6
4 (QN/Block) 	Elapsed: 8.712	Loglikelihood: -1.54146e+07	(delta): 42642.6
5 (QN/Block) 	Elapsed: 8.968	Loglikelihood: -1.53947e+07	(delta): 19950.4
6 (QN/Block) 	Elapsed: 8.437	Loglikelihood: -1.53874e+07	(delta): 7247.27
7 (QN/Block) 	Elapsed: 8.422	Loglikelihood: -1.53829e+07	(delta): 4519.54
8 (QN/Block) 	Elapsed: 8.961	Loglikelihood: -1.53804e+07	(delta): 2520.01
9 (QN/Block) 	Elapsed: 8.424	Loglikelihood: -1.53792e+07	(delta): 1154.43
10 (QN/Block) 	Elapsed: 8.416	Loglikelihood: -1.53788e+07	(delta): 400.659
11 (QN/Block) 	Elapsed: 8.447	Loglikelihood: -1.53786e+07	(delta): 245.225
12 (QN/Block) 	Elapsed: 8.432	Loglikelihood: -1.53784e+07	(delta): 217.615
13 (QN/Block) 	Elapsed: 8.674	Loglikelihood: -1.53781e+07	(delta): 259.889
14 (QN/Block) 	Elapsed: 8.394	Loglikelihood: -1.5378e+07	(delta): 124.133
15 (QN/Block) 	Elapsed: 8.376	Loglikelihood: -1.53779e+07	(delta): 33.4506
16 (QN/Block) 	Elapsed: 8.385	Loglikelihood: -1.53779e+07	(delta): 25.94
17 (QN/Block) 	Elapsed: 8.38	Loglikelihood: -1.53779e+07	(delta): 34.4528
18 (QN/Block) 	Elapsed: 9.162	Loglikelihood: -1.53775e+07	(delta): 379.44
19 (QN/Block) 	Elapsed: 8.897	Loglikelihood: -1.53769e+07	(delta): 574.513
20 (QN/Block) 	Elapsed: 8.651	Loglikelihood: -1.53761e+07	(delta): 844.314
21 (QN/Block) 	Elapsed: 9.185	Loglikelihood: -1.53754e+07	(delta): 722.341
22 (QN/Block) 	Elapsed: 9.185	Loglikelihood: -1.53753e+07	(delta): 100.309
23 (QN/Block) 	Elapsed: 9.176	Loglikelihood: -1.53752e+07	(delta): 43.2901
24 (QN/Block) 	Elapsed: 8.901	Loglikelihood: -1.53752e+07	(delta): 21.1235
25 (QN/Block) 	Elapsed: 8.903	Loglikelihood: -1.53752e+07	(delta): 8.82637
26 (QN/Block) 	Elapsed: 9.169	Loglikelihood: -1.53752e+07	(delta): 7.76319
27 (QN/Block) 	Elapsed: 9.162	Loglikelihood: -1.53752e+07	(delta): 10.6269
28 (QN/Block) 	Elapsed: 9.162	Loglikelihood: -1.53752e+07	(delta): 15.0031
29 (QN/Block) 	Elapsed: 9.162	Loglikelihood: -1.53751e+07	(delta): 14.3249
30 (QN/Block) 	Elapsed: 9.163	Loglikelihood: -1.53751e+07	(delta): 14.451
31 (QN/Block) 	Elapsed: 9.157	Loglikelihood: -1.53751e+07	(delta): 15.5346
32 (QN/Block) 	Elapsed: 9.161	Loglikelihood: -1.53751e+07	(delta): 16.1055
33 (QN/Block) 	Elapsed: 9.16	Loglikelihood: -1.53751e+07	(delta): 20.651
34 (QN/Block) 	Elapsed: 9.192	Loglikelihood: -1.53751e+07	(delta): 20.9054
35 (QN/Block) 	Elapsed: 8.918	Loglikelihood: -1.5375e+07	(delta): 4.0906
36 (QN/Block) 	Elapsed: 8.41	Loglikelihood: -1.5375e+07	(delta): 1.13728
37 (QN/Block) 	Elapsed: 8.397	Loglikelihood: -1.5375e+07	(delta): 0.554283
38 (QN/Block) 	Elapsed: 8.412	Loglikelihood: -1.5375e+07	(delta): 0.0949144
39 (QN/Block) 	Elapsed: 8.414	Loglikelihood: -1.5375e+07	(delta): 0.0679266
40 (QN/Block) 	Elapsed: 8.39	Loglikelihood: -1.5375e+07	(delta): 0.0695232
41 (QN/Block) 	Elapsed: 9.196	Loglikelihood: -1.53749e+07	(delta): 122.585
42 (QN/Block) 	Elapsed: 9.194	Loglikelihood: -1.53743e+07	(delta): 599.689
43 (QN/Block) 	Elapsed: 8.932	Loglikelihood: -1.53739e+07	(delta): 455.232
44 (QN/Block) 	Elapsed: 8.933	Loglikelihood: -1.53735e+07	(delta): 404.839
45 (QN/Block) 	Elapsed: 9.198	Loglikelihood: -1.53732e+07	(delta): 275.737
46 (QN/Block) 	Elapsed: 9.204	Loglikelihood: -1.53727e+07	(delta): 497.595
47 (QN/Block) 	Elapsed: 8.41	Loglikelihood: -1.53722e+07	(delta): 442.387
48 (QN/Block) 	Elapsed: 8.917	Loglikelihood: -1.5372e+07	(delta): 243.418
49 (QN/Block) 	Elapsed: 8.656	Loglikelihood: -1.5372e+07	(delta): 39.7378
50 (QN/Block) 	Elapsed: 8.378	Loglikelihood: -1.53719e+07	(delta): 16.5829
51 (QN/Block) 	Elapsed: 8.38	Loglikelihood: -1.53719e+07	(delta): 22.7076
52 (QN/Block) 	Elapsed: 8.376	Loglikelihood: -1.53719e+07	(delta): 37.3397
53 (QN/Block) 	Elapsed: 8.647	Loglikelihood: -1.53718e+07	(delta): 59.4865
54 (QN/Block) 	Elapsed: 9.2	Loglikelihood: -1.53714e+07	(delta): 415.845
55 (QN/Block) 	Elapsed: 8.672	Loglikelihood: -1.53709e+07	(delta): 467.954
56 (QN/Block) 	Elapsed: 9.175	Loglikelihood: -1.53706e+07	(delta): 387.946
57 (QN/Block) 	Elapsed: 9.169	Loglikelihood: -1.53701e+07	(delta): 417.279
58 (QN/Block) 	Elapsed: 8.897	Loglikelihood: -1.537e+07	(delta): 179.332
59 (QN/Block) 	Elapsed: 9.157	Loglikelihood: -1.53699e+07	(delta): 21.735
60 (QN/Block) 	Elapsed: 9.17	Loglikelihood: -1.53699e+07	(delta): 46.2166
61 (QN/Block) 	Elapsed: 8.374	Loglikelihood: -1.53698e+07	(delta): 73.5881
62 (QN/Block) 	Elapsed: 8.374	Loglikelihood: -1.53697e+07	(delta): 155.317
63 (QN/Block) 	Elapsed: 8.378	Loglikelihood: -1.53695e+07	(delta): 156.024
64 (QN/Block) 	Elapsed: 8.376	Loglikelihood: -1.53694e+07	(delta): 69.7282
65 (QN/Block) 	Elapsed: 8.634	Loglikelihood: -1.53694e+07	(delta): 29.201
66 (QN/Block) 	Elapsed: 8.377	Loglikelihood: -1.53694e+07	(delta): 16.7115
67 (QN/Block) 	Elapsed: 8.394	Loglikelihood: -1.53694e+07	(delta): 28.1471
68 (QN/Block) 	Elapsed: 9.161	Loglikelihood: -1.53693e+07	(delta): 16.726
69 (QN/Block) 	Elapsed: 9.157	Loglikelihood: -1.53693e+07	(delta): 18.5601
70 (QN/Block) 	Elapsed: 9.159	Loglikelihood: -1.53693e+07	(delta): 19.0568
71 (QN/Block) 	Elapsed: 9.157	Loglikelihood: -1.53693e+07	(delta): 20.7181
72 (QN/Block) 	Elapsed: 9.156	Loglikelihood: -1.53693e+07	(delta): 21.9426
73 (QN/Block) 	Elapsed: 9.157	Loglikelihood: -1.53692e+07	(delta): 23.0999
74 (QN/Block) 	Elapsed: 9.155	Loglikelihood: -1.53692e+07	(delta): 26.0425
75 (QN/Block) 	Elapsed: 9.16	Loglikelihood: -1.53692e+07	(delta): 29.8602
76 (QN/Block) 	Elapsed: 9.16	Loglikelihood: -1.53692e+07	(delta): 35.601
77 (QN/Block) 	Elapsed: 9.156	Loglikelihood: -1.53691e+07	(delta): 40.7025
78 (QN/Block) 	Elapsed: 9.156	Loglikelihood: -1.53691e+07	(delta): 9.48073
79 (QN/Block) 	Elapsed: 9.161	Loglikelihood: -1.53691e+07	(delta): 7.66115
80 (QN/Block) 	Elapsed: 9.154	Loglikelihood: -1.53691e+07	(delta): 8.8683
81 (QN/Block) 	Elapsed: 9.154	Loglikelihood: -1.53691e+07	(delta): 11.3881
82 (QN/Block) 	Elapsed: 9.156	Loglikelihood: -1.53691e+07	(delta): 15.2878
83 (QN/Block) 	Elapsed: 9.157	Loglikelihood: -1.5369e+07	(delta): 21.0035
84 (QN/Block) 	Elapsed: 9.161	Loglikelihood: -1.5369e+07	(delta): 29.439
85 (QN/Block) 	Elapsed: 9.175	Loglikelihood: -1.5369e+07	(delta): 42.4186
86 (QN/Block) 	Elapsed: 9.167	Loglikelihood: -1.53689e+07	(delta): 50.4246
87 (QN/Block) 	Elapsed: 9.157	Loglikelihood: -1.53689e+07	(delta): 22.8132
88 (QN/Block) 	Elapsed: 8.633	Loglikelihood: -1.53689e+07	(delta): 23.0128
89 (QN/Block) 	Elapsed: 8.374	Loglikelihood: -1.53689e+07	(delta): 12.4101
90 (QN/Block) 	Elapsed: 8.903	Loglikelihood: -1.53688e+07	(delta): 54.8278
91 (QN/Block) 	Elapsed: 9.157	Loglikelihood: -1.53688e+07	(delta): 6.37177
92 (QN/Block) 	Elapsed: 9.161	Loglikelihood: -1.53688e+07	(delta): 6.91642
93 (QN/Block) 	Elapsed: 9.16	Loglikelihood: -1.53688e+07	(delta): 6.35638
94 (QN/Block) 	Elapsed: 9.16	Loglikelihood: -1.53688e+07	(delta): 9.15236
95 (QN/Block) 	Elapsed: 9.155	Loglikelihood: -1.53688e+07	(delta): 14.2834
96 (QN/Block) 	Elapsed: 9.161	Loglikelihood: -1.53687e+07	(delta): 15.6218
97 (QN/Block) 	Elapsed: 9.153	Loglikelihood: -1.53687e+07	(delta): 12.6853
98 (QN/Block) 	Elapsed: 9.15	Loglikelihood: -1.53687e+07	(delta): 23.3618
99 (QN/Block) 	Elapsed: 9.168	Loglikelihood: -1.53687e+07	(delta): 17.1842
100 (QN/Block) 	Elapsed: 9.184	Loglikelihood: -1.53687e+07	(delta): 0.21665
101 (QN/Block) 	Elapsed: 8.896	Loglikelihood: -1.53687e+07	(delta): 0.0682425
102 (QN/Block) 	Elapsed: 8.377	Loglikelihood: -1.53687e+07	(delta): 0.0336736
103 (QN/Block) 	Elapsed: 8.375	Loglikelihood: -1.53687e+07	(delta): 0.0238753
104 (QN/Block) 	Elapsed: 8.376	Loglikelihood: -1.53687e+07	(delta): 0.00268301
105 (QN/Block) 	Elapsed: 8.378	Loglikelihood: -1.53687e+07	(delta): 0.000563007
106 (QN/Block) 	Elapsed: 8.375	Loglikelihood: -1.53687e+07	(delta): 2.19438e-05
Summary: 
Converged in 106 iterations (980.984 sec)
Loglikelihood: -15368689.983637
Fst divergences between estimated populations: 
	Pop0	Pop1	Pop2	Pop3	
Pop0	
Pop1	0.056	
Pop2	0.071	0.061	
Pop3	0.067	0.046	0.078	
Pop4	0.074	0.047	0.072	0.051	
CV error (K=5): 0.38391
Writing output files.
